<?xml version="1.0" encoding="utf-8"?>
<beans xmlns="http://www.springframework.org/schema/beans"
       xmlns:xsi="http://www.w3.org/2001/XMLSchema-instance" xmlns:dubbo="http://code.alibabatech.com/schema/dubbo"
       xsi:schemaLocation="http://www.springframework.org/schema/beans
            http://www.springframework.org/schema/beans/spring-beans-3.0.xsd
            http://code.alibabatech.com/schema/dubbo
            http://code.alibabatech.com/schema/dubbo/dubbo.xsd">

    <bean id="propertyConfigurer"
          class="org.springframework.beans.factory.config.PropertyPlaceholderConfigurer">
        <property name="locations">
            <list>
                <value>classpath:testConf/jdbc.properties</value>
            </list>
        </property>

    </bean>

    <dubbo:application name="cc-service-test"/>
    <dubbo:registry address="zookeeper://127.0.0.1:2181"/>
    <dubbo:provider threadpool="cached" loadbalance="roundrobin"
                    cluster="failfast" delay="-1"/>


    <import resource="classpath:testConf/datasources.xml"/>
    <import resource="classpath:testConf/job-service-config.xml"/>

</beans>
